<?xml version="1.0" encoding="UTF-8"?>
<!-- Generated by org.testng.reporters.JUnitReportReporter -->
<testsuite skipped="0" hostname="FUXB-33" name="Yixin.Taoche.TestScripts.TestDuanYan" tests="1" failures="0" timestamp="04 七月 2017 09:49:52 GMT" time="9.322" errors="0">
  <testcase name="testDuanYan" time="9.322" classname="Yixin.Taoche.TestScripts.TestDuanYan"/>
</testsuite> <!-- Yixin.Taoche.TestScripts.TestDuanYan -->
