<?xml version="1.0" encoding="UTF-8"?>
<!-- Generated by org.testng.reporters.JUnitReportReporter -->
<testsuite hostname="Magl" name="Yixin.Taoche.TestScripts.TestTaocheHome" tests="1" failures="0" timestamp="27 Jun 2017 14:42:03 GMT" time="20.083" errors="0">
  <testcase name="HomePage_Search" time="20.083" classname="Yixin.Taoche.TestScripts.TestTaocheHome"/>
</testsuite> <!-- Yixin.Taoche.TestScripts.TestTaocheHome -->
