<?xml version="1.0" encoding="UTF-8"?>
<!-- Generated by org.testng.reporters.JUnitReportReporter -->
<testsuite skipped="0" hostname="FUXB-33" name="Yixin.Taoche.TestScripts.TestTianTianPai" tests="2" failures="0" timestamp="05 七月 2017 06:46:52 GMT" time="21.669" errors="0">
  <testcase name="tianTianPai" time="17.406" classname="Yixin.Taoche.TestScripts.TestTianTianPai"/>
  <testcase name="openBrowser" time="4.263" classname="Yixin.Taoche.TestScripts.TestTianTianPai"/>
</testsuite> <!-- Yixin.Taoche.TestScripts.TestTianTianPai -->
