<?xml version="1.0" encoding="UTF-8"?>
<!-- Generated by org.testng.reporters.JUnitReportReporter -->
<testsuite skipped="0" hostname="FUXB-33" name="Yixin.Taoche.TestScripts.Annotation" tests="2" failures="0" timestamp="30 六月 2017 11:32:46 GMT" time="0.026" errors="0">
  <testcase name="testCase2" time="0.010" classname="Yixin.Taoche.TestScripts.Annotation"/>
  <testcase name="testCase1" time="0.016" classname="Yixin.Taoche.TestScripts.Annotation"/>
</testsuite> <!-- Yixin.Taoche.TestScripts.Annotation -->
