<?xml version="1.0" encoding="UTF-8"?>
<!-- Generated by org.testng.reporters.JUnitReportReporter -->
<testsuite skipped="0" hostname="FUXB-33" name="Yixin.Taoche.TestScripts.TestTitle" tests="3" failures="0" timestamp="05 七月 2017 03:07:22 GMT" time="8.476" errors="0">
  <testcase name="CloseBrowser" time="0.416" classname="Yixin.Taoche.TestScripts.TestTitle"/>
  <testcase name="OpenBrowser" time="4.327" classname="Yixin.Taoche.TestScripts.TestTitle"/>
  <testcase name="GetTitle" time="3.733" classname="Yixin.Taoche.TestScripts.TestTitle"/>
</testsuite> <!-- Yixin.Taoche.TestScripts.TestTitle -->
