<?xml version="1.0" encoding="UTF-8"?>
<!-- Generated by org.testng.reporters.JUnitReportReporter -->
<testsuite skipped="0" hostname="FUXB-33" name="Yixin.Taoche.TestScripts.ClearInputBox" tests="2" failures="0" timestamp="05 七月 2017 03:50:24 GMT" time="30.290" errors="0">
  <testcase name="openBrowser" time="4.219" classname="Yixin.Taoche.TestScripts.ClearInputBox"/>
  <testcase name="clearInputBox" time="26.071" classname="Yixin.Taoche.TestScripts.ClearInputBox"/>
</testsuite> <!-- Yixin.Taoche.TestScripts.ClearInputBox -->
