<?xml version="1.0" encoding="UTF-8"?>
<!-- Generated by org.testng.reporters.JUnitReportReporter -->
<testsuite skipped="0" hostname="FUXB-33" name="Yixin.Taoche.TestScripts.TestTianTianPai" tests="2" failures="0" timestamp="05 七月 2017 06:28:04 GMT" time="15.135" errors="0">
  <testcase name="openBrowser" time="4.374" classname="Yixin.Taoche.TestScripts.TestTianTianPai"/>
  <testcase name="tianTianPai" time="10.761" classname="Yixin.Taoche.TestScripts.TestTianTianPai"/>
</testsuite> <!-- Yixin.Taoche.TestScripts.TestTianTianPai -->
